<?xml version="1.0" encoding="UTF-8"?>
<!-- Generated by org.testng.reporters.JUnitXMLReporter -->
<testsuite hostname="ALPHA" ignored="0" name="Login  Test" tests="1" failures="1" timestamp="11 Aug 2018 21:52:12 GMT" time="4.145" errors="0">
  <testcase name="LoginTest" time="2.3" classname="comw2a.testcases.LoginTest">
    <failure type="java.lang.AssertionError" message="Login test failed">
      <![CDATA[java.lang.AssertionError: Login test failed
at comw2a.testcases.LoginTest.LoginTest(LoginTest.java:20)
... Removed 30 stack frames]]>
    </failure>
  </testcase> <!-- LoginTest -->
</testsuite> <!-- Login  Test -->
